# JRE version: Java(TM) SE Runtime Environment (8.0_91-b14) (build 1.8.0_91-b14)
# Java VM: Java HotSpot(TM) 64-Bit Server VM (25.91-b14 mixed mode linux-amd64 compressed oops)
Heap:
 PSYoungGen      total 216576K, used 38801K [0x00000000eab00000, 0x0000000100000000, 0x0000000100000000)
  eden space 135168K, 0% used [0x00000000eab00000,0x00000000eab00000,0x00000000f2f00000)
  from space 81408K, 47% used [0x00000000f9900000,0x00000000fbee4418,0x00000000fe880000)
  to   space 107008K, 0% used [0x00000000f2f00000,0x00000000f2f00000,0x00000000f9780000)
 ParOldGen       total 160768K, used 160338K [0x00000000c0000000, 0x00000000c9d00000, 0x00000000eab00000)
  object space 160768K, 99% used [0x00000000c0000000,0x00000000c9c94b90,0x00000000c9d00000)
 Metaspace       used 6333K, capacity 7192K, committed 7424K, reserved 1056768K
  class space    used 610K, capacity 656K, committed 768K, reserved 1048576K
GC Heap History (10 events):
Event: 17.682 GC heap after
Heap after GC invocations=8 (full 1):
 PSYoungGen      total 135168K, used 25570K [0x00000000eab00000, 0x00000000f9000000, 0x0000000100000000)
  eden space 109568K, 0% used [0x00000000eab00000,0x00000000eab00000,0x00000000f1600000)
  from space 25600K, 99% used [0x00000000f1600000,0x00000000f2ef8a78,0x00000000f2f00000)
  to   space 39936K, 0% used [0x00000000f6900000,0x00000000f6900000,0x00000000f9000000)
 ParOldGen       total 82432K, used 58029K [0x00000000c0000000, 0x00000000c5080000, 0x00000000eab00000)
  object space 82432K, 70% used [0x00000000c0000000,0x00000000c38ab768,0x00000000c5080000)
 Metaspace       used 6094K, capacity 7000K, committed 7168K, reserved 1056768K
  class space    used 610K, capacity 656K, committed 768K, reserved 1048576K
}
Event: 19.851 GC heap before
{Heap before GC invocations=9 (full 1):
 PSYoungGen      total 135168K, used 135138K [0x00000000eab00000, 0x00000000f9000000, 0x0000000100000000)
  eden space 109568K, 100% used [0x00000000eab00000,0x00000000f1600000,0x00000000f1600000)
  from space 25600K, 99% used [0x00000000f1600000,0x00000000f2ef8a78,0x00000000f2f00000)
  to   space 39936K, 0% used [0x00000000f6900000,0x00000000f6900000,0x00000000f9000000)
 ParOldGen       total 82432K, used 58029K [0x00000000c0000000, 0x00000000c5080000, 0x00000000eab00000)
  object space 82432K, 70% used [0x00000000c0000000,0x00000000c38ab768,0x00000000c5080000)
 Metaspace       used 6303K, capacity 7192K, committed 7424K, reserved 1056768K
  class space    used 610K, capacity 656K, committed 768K, reserved 1048576K
Event: 20.082 GC heap after
Heap after GC invocations=9 (full 1):
 PSYoungGen      total 169472K, used 39919K [0x00000000eab00000, 0x00000000fc480000, 0x0000000100000000)
  eden space 129536K, 0% used [0x00000000eab00000,0x00000000eab00000,0x00000000f2980000)
  from space 39936K, 99% used [0x00000000f6900000,0x00000000f8ffbdd8,0x00000000f9000000)
  to   space 65024K, 0% used [0x00000000f2980000,0x00000000f2980000,0x00000000f6900000)
 ParOldGen       total 98816K, used 97130K [0x00000000c0000000, 0x00000000c6080000, 0x00000000eab00000)
  object space 98816K, 98% used [0x00000000c0000000,0x00000000c5eda8a0,0x00000000c6080000)
 Metaspace       used 6303K, capacity 7192K, committed 7424K, reserved 1056768K
  class space    used 610K, capacity 656K, committed 768K, reserved 1048576K
}
Event: 20.082 GC heap before
{Heap before GC invocations=10 (full 2):
 PSYoungGen      total 169472K, used 39919K [0x00000000eab00000, 0x00000000fc480000, 0x0000000100000000)
  eden space 129536K, 0% used [0x00000000eab00000,0x00000000eab00000,0x00000000f2980000)
  from space 39936K, 99% used [0x00000000f6900000,0x00000000f8ffbdd8,0x00000000f9000000)
  to   space 65024K, 0% used [0x00000000f2980000,0x00000000f2980000,0x00000000f6900000)
 ParOldGen       total 98816K, used 97130K [0x00000000c0000000, 0x00000000c6080000, 0x00000000eab00000)
  object space 98816K, 98% used [0x00000000c0000000,0x00000000c5eda8a0,0x00000000c6080000)
 Metaspace       used 6303K, capacity 7192K, committed 7424K, reserved 1056768K
  class space    used 610K, capacity 656K, committed 768K, reserved 1048576K
Event: 21.139 GC heap after
Heap after GC invocations=10 (full 2):
 PSYoungGen      total 169472K, used 0K [0x00000000eab00000, 0x00000000fc480000, 0x0000000100000000)
  eden space 129536K, 0% used [0x00000000eab00000,0x00000000eab00000,0x00000000f2980000)
  from space 39936K, 0% used [0x00000000f6900000,0x00000000f6900000,0x00000000f9000000)
  to   space 65024K, 0% used [0x00000000f2980000,0x00000000f2980000,0x00000000f6900000)
 ParOldGen       total 160768K, used 87252K [0x00000000c0000000, 0x00000000c9d00000, 0x00000000eab00000)
  object space 160768K, 54% used [0x00000000c0000000,0x00000000c55352c0,0x00000000c9d00000)
 Metaspace       used 6303K, capacity 7192K, committed 7424K, reserved 1056768K
  class space    used 610K, capacity 656K, committed 768K, reserved 1048576K
}
Event: 21.457 GC heap before
{Heap before GC invocations=11 (full 2):
 PSYoungGen      total 169472K, used 129536K [0x00000000eab00000, 0x00000000fc480000, 0x0000000100000000)
  eden space 129536K, 100% used [0x00000000eab00000,0x00000000f2980000,0x00000000f2980000)
  from space 39936K, 0% used [0x00000000f6900000,0x00000000f6900000,0x00000000f9000000)
  to   space 65024K, 0% used [0x00000000f2980000,0x00000000f2980000,0x00000000f6900000)
 ParOldGen       total 160768K, used 87252K [0x00000000c0000000, 0x00000000c9d00000, 0x00000000eab00000)
  object space 160768K, 54% used [0x00000000c0000000,0x00000000c55352c0,0x00000000c9d00000)
 Metaspace       used 6305K, capacity 7192K, committed 7424K, reserved 1056768K
  class space    used 610K, capacity 656K, committed 768K, reserved 1048576K
Event: 21.706 GC heap after
Heap after GC invocations=11 (full 2):
 PSYoungGen      total 194560K, used 64995K [0x00000000eab00000, 0x00000000fe880000, 0x0000000100000000)
  eden space 129536K, 0% used [0x00000000eab00000,0x00000000eab00000,0x00000000f2980000)
  from space 65024K, 99% used [0x00000000f2980000,0x00000000f68f8ef0,0x00000000f6900000)
  to   space 81408K, 0% used [0x00000000f9900000,0x00000000f9900000,0x00000000fe880000)
 ParOldGen       total 160768K, used 97516K [0x00000000c0000000, 0x00000000c9d00000, 0x00000000eab00000)
  object space 160768K, 60% used [0x00000000c0000000,0x00000000c5f3b2c0,0x00000000c9d00000)
 Metaspace       used 6305K, capacity 7192K, committed 7424K, reserved 1056768K
  class space    used 610K, capacity 656K, committed 768K, reserved 1048576K
}
Event: 22.494 GC heap before
{Heap before GC invocations=12 (full 2):
 PSYoungGen      total 194560K, used 194531K [0x00000000eab00000, 0x00000000fe880000, 0x0000000100000000)
  eden space 129536K, 100% used [0x00000000eab00000,0x00000000f2980000,0x00000000f2980000)
  from space 65024K, 99% used [0x00000000f2980000,0x00000000f68f8ef0,0x00000000f6900000)
  to   space 81408K, 0% used [0x00000000f9900000,0x00000000f9900000,0x00000000fe880000)
 ParOldGen       total 160768K, used 97516K [0x00000000c0000000, 0x00000000c9d00000, 0x00000000eab00000)
  object space 160768K, 60% used [0x00000000c0000000,0x00000000c5f3b2c0,0x00000000c9d00000)
 Metaspace       used 6333K, capacity 7192K, committed 7424K, reserved 1056768K
  class space    used 610K, capacity 656K, committed 768K, reserved 1048576K
Event: 22.984 GC heap after
Heap after GC invocations=12 (full 2):
 PSYoungGen      total 216576K, used 81393K [0x00000000eab00000, 0x0000000100000000, 0x0000000100000000)
  eden space 135168K, 0% used [0x00000000eab00000,0x00000000eab00000,0x00000000f2f00000)
  from space 81408K, 99% used [0x00000000f9900000,0x00000000fe87c700,0x00000000fe880000)
  to   space 107008K, 0% used [0x00000000f2f00000,0x00000000f2f00000,0x00000000f9780000)
 ParOldGen       total 160768K, used 127727K [0x00000000c0000000, 0x00000000c9d00000, 0x00000000eab00000)
  object space 160768K, 79% used [0x00000000c0000000,0x00000000c7cbbec0,0x00000000c9d00000)
 Metaspace       used 6333K, capacity 7192K, committed 7424K, reserved 1056768K
  class space    used 610K, capacity 656K, committed 768K, reserved 1048576K
}
Event: 22.985 GC heap before
{Heap before GC invocations=13 (full 3):
 PSYoungGen      total 216576K, used 81393K [0x00000000eab00000, 0x0000000100000000, 0x0000000100000000)
  eden space 135168K, 0% used [0x00000000eab00000,0x00000000eab00000,0x00000000f2f00000)
  from space 81408K, 99% used [0x00000000f9900000,0x00000000fe87c700,0x00000000fe880000)
  to   space 107008K, 0% used [0x00000000f2f00000,0x00000000f2f00000,0x00000000f9780000)
 ParOldGen       total 160768K, used 127727K [0x00000000c0000000, 0x00000000c9d00000, 0x00000000eab00000)
  object space 160768K, 79% used [0x00000000c0000000,0x00000000c7cbbec0,0x00000000c9d00000)
 Metaspace       used 6333K, capacity 7192K, committed 7424K, reserved 1056768K
  class space    used 610K, capacity 656K, committed 768K, reserved 1048576K

